mktextfm FontAwesome
mktextfm FontAwesome
mktextfm FontAwesome
mktextfm FontAwesome/BI
mktextfm FontAwesome
mktextfm FontAwesome/B
mktextfm FontAwesome
mktextfm FontAwesome/I
mktextfm FontAwesome
mktextfm FontAwesome
mktextfm FontAwesome
mktextfm FontAwesome
mktextfm FontAwesome
mktextfm FontAwesome
mktextfm FontAwesome/BI
mktextfm FontAwesome
mktextfm FontAwesome/B
mktextfm FontAwesome
mktextfm FontAwesome/I
mktextfm FontAwesome
mktextfm FontAwesome
mktextfm FontAwesome
mktexpk --mfmode / --bdpi 600 --mag 2+293/600 --dpi 1493 unihei4e
mktexpk --mfmode / --bdpi 600 --mag 2+293/600 --dpi 1493 unihei4e
mktexpk --mfmode / --bdpi 600 --mag 2+293/600 --dpi 1493 unihei4e
mktexpk --mfmode / --bdpi 600 --mag 2+293/600 --dpi 1493 unihei4e
mktexpk --mfmode / --bdpi 600 --mag 2+293/600 --dpi 1493 unihei4e
mktexpk --mfmode / --bdpi 600 --mag 2+293/600 --dpi 1493 unihei4e
mktexpk --mfmode / --bdpi 600 --mag 2+293/600 --dpi 1493 unihei4e
mktexpk --mfmode / --bdpi 600 --mag 2+293/600 --dpi 1493 unihei4e
mktextfm FontAwesome
mktextfm FontAwesome
mktextfm FontAwesome
mktextfm FontAwesome/BI
mktextfm FontAwesome
mktextfm FontAwesome/B
mktextfm FontAwesome
mktextfm FontAwesome/I
mktextfm FontAwesome
mktextfm FontAwesome
mktextfm FontAwesome
mktextfm FontAwesome
mktextfm FontAwesome
mktextfm FontAwesome
mktextfm FontAwesome/BI
mktextfm FontAwesome
mktextfm FontAwesome/B
mktextfm FontAwesome
mktextfm FontAwesome/I
mktextfm FontAwesome
mktextfm FontAwesome
mktextfm FontAwesome
mktextfm FontAwesome
mktextfm FontAwesome
mktextfm FontAwesome
mktextfm FontAwesome/BI
mktextfm FontAwesome
mktextfm FontAwesome/B
mktextfm FontAwesome
mktextfm FontAwesome/I
mktextfm FontAwesome
mktextfm FontAwesome
mktextfm FontAwesome
mktextfm FontAwesome
mktextfm FontAwesome
mktextfm FontAwesome
mktextfm FontAwesome/BI
mktextfm FontAwesome
mktextfm FontAwesome/B
mktextfm FontAwesome
mktextfm FontAwesome/I
mktextfm FontAwesome
mktextfm FontAwesome
mktextfm FontAwesome
mktextfm FontAwesome
mktextfm FontAwesome
mktextfm FontAwesome
mktextfm FontAwesome/BI
mktextfm FontAwesome
mktextfm FontAwesome/B
mktextfm FontAwesome
mktextfm FontAwesome/I
mktextfm FontAwesome
mktextfm FontAwesome
mktextfm FontAwesome
mktextfm FontAwesome
mktextfm FontAwesome
mktextfm FontAwesome
mktextfm FontAwesome/BI
mktextfm FontAwesome
mktextfm FontAwesome/B
mktextfm FontAwesome
mktextfm FontAwesome/I
mktextfm FontAwesome
mktextfm FontAwesome
mktextfm FontAwesome
mktextfm FontAwesome
mktextfm FontAwesome
mktextfm FontAwesome
mktextfm FontAwesome/BI
mktextfm FontAwesome
mktextfm FontAwesome/B
mktextfm FontAwesome
mktextfm FontAwesome/I
mktextfm FontAwesome
mktextfm FontAwesome
mktextfm FontAwesome
mktextfm FontAwesome
mktextfm FontAwesome
mktextfm FontAwesome
mktextfm FontAwesome/BI
mktextfm FontAwesome
mktextfm FontAwesome/B
mktextfm FontAwesome
mktextfm FontAwesome/I
mktextfm FontAwesome
mktextfm FontAwesome
mktextfm FontAwesome
mktextfm FontAwesome
mktextfm FontAwesome
mktextfm FontAwesome
mktextfm FontAwesome/BI
mktextfm FontAwesome
mktextfm FontAwesome/B
mktextfm FontAwesome
mktextfm FontAwesome/I
mktextfm FontAwesome
mktextfm FontAwesome
mktextfm FontAwesome
mktexpk --mfmode / --bdpi 600 --mag 2+293/600 --dpi 1493 unihei4e
mktexpk --mfmode / --bdpi 600 --mag 2+293/600 --dpi 1493 unihei4e
mktextfm FontAwesome
mktextfm FontAwesome
mktextfm FontAwesome
mktextfm FontAwesome/BI
mktextfm FontAwesome
mktextfm FontAwesome/B
mktextfm FontAwesome
mktextfm FontAwesome/I
mktextfm FontAwesome
mktextfm FontAwesome
mktextfm FontAwesome
mktextfm FontAwesome
mktextfm FontAwesome
mktextfm FontAwesome
mktextfm FontAwesome/BI
mktextfm FontAwesome
mktextfm FontAwesome/B
mktextfm FontAwesome
mktextfm FontAwesome/I
mktextfm FontAwesome
mktextfm FontAwesome
mktextfm FontAwesome
mktextfm FontAwesome
mktextfm FontAwesome
mktextfm FontAwesome
mktextfm FontAwesome/BI
mktextfm FontAwesome
mktextfm FontAwesome/B
mktextfm FontAwesome
mktextfm FontAwesome/I
mktextfm FontAwesome
mktextfm FontAwesome
mktextfm FontAwesome
mktextfm FontAwesome
mktextfm FontAwesome
mktextfm FontAwesome
mktextfm FontAwesome/BI
mktextfm FontAwesome
mktextfm FontAwesome/B
mktextfm FontAwesome
mktextfm FontAwesome/I
mktextfm FontAwesome
mktextfm FontAwesome
mktextfm FontAwesome
mktextfm FontAwesome
mktextfm FontAwesome
mktextfm FontAwesome
mktextfm FontAwesome/BI
mktextfm FontAwesome
mktextfm FontAwesome/B
mktextfm FontAwesome
mktextfm FontAwesome/I
mktextfm FontAwesome
mktextfm FontAwesome
mktextfm FontAwesome
mktextfm FontAwesome
mktextfm FontAwesome
mktextfm FontAwesome
mktextfm FontAwesome/BI
mktextfm FontAwesome
mktextfm FontAwesome/B
mktextfm FontAwesome
mktextfm FontAwesome/I
mktextfm FontAwesome
mktextfm FontAwesome
mktextfm FontAwesome
mktexpk --mfmode / --bdpi 600 --mag 2+293/600 --dpi 1493 unihei4e
mktexpk --mfmode / --bdpi 600 --mag 2+293/600 --dpi 1493 unihei4e
mktexpk --mfmode / --bdpi 600 --mag 2+293/600 --dpi 1493 unihei4e
mktexpk --mfmode / --bdpi 600 --mag 2+293/600 --dpi 1493 unihei4e
mktexpk --mfmode / --bdpi 600 --mag 2+293/600 --dpi 1493 unihei4e
mktexpk --mfmode / --bdpi 600 --mag 2+293/600 --dpi 1493 unihei4e
mktexpk --mfmode / --bdpi 600 --mag 2+293/600 --dpi 1493 unihei4e
mktexpk --mfmode / --bdpi 600 --mag 2+293/600 --dpi 1493 unihei4e
mktextfm FontAwesome
mktextfm FontAwesome
mktextfm FontAwesome
mktextfm FontAwesome/BI
mktextfm FontAwesome
mktextfm FontAwesome/B
mktextfm FontAwesome
mktextfm FontAwesome/I
mktextfm FontAwesome
mktextfm FontAwesome
mktextfm FontAwesome
mktextfm FontAwesome
mktextfm FontAwesome
mktextfm FontAwesome
mktextfm FontAwesome/BI
mktextfm FontAwesome
mktextfm FontAwesome/B
mktextfm FontAwesome
mktextfm FontAwesome/I
mktextfm FontAwesome
mktextfm FontAwesome
mktextfm FontAwesome
mktextfm FontAwesome
mktextfm FontAwesome
mktextfm FontAwesome
mktextfm FontAwesome/BI
mktextfm FontAwesome
mktextfm FontAwesome/B
mktextfm FontAwesome
mktextfm FontAwesome/I
mktextfm FontAwesome
mktextfm FontAwesome
mktextfm FontAwesome
mktextfm FontAwesome
mktextfm FontAwesome
mktextfm FontAwesome
mktextfm FontAwesome/BI
mktextfm FontAwesome
mktextfm FontAwesome/B
mktextfm FontAwesome
mktextfm FontAwesome/I
mktextfm FontAwesome
mktextfm FontAwesome
mktextfm FontAwesome
mktextfm FontAwesome
mktextfm FontAwesome
mktextfm FontAwesome
mktextfm FontAwesome/BI
mktextfm FontAwesome
mktextfm FontAwesome/B
mktextfm FontAwesome
mktextfm FontAwesome/I
mktextfm FontAwesome
mktextfm FontAwesome
mktextfm FontAwesome
mktextfm FontAwesome
mktextfm FontAwesome
mktextfm FontAwesome
mktextfm FontAwesome/BI
mktextfm FontAwesome
mktextfm FontAwesome/B
mktextfm FontAwesome
mktextfm FontAwesome/I
mktextfm FontAwesome
mktextfm FontAwesome
mktextfm FontAwesome
mktextfm FontAwesome
mktextfm FontAwesome
mktextfm FontAwesome
mktextfm FontAwesome/BI
mktextfm FontAwesome
mktextfm FontAwesome/B
mktextfm FontAwesome
mktextfm FontAwesome/I
mktextfm FontAwesome
mktextfm FontAwesome
mktextfm FontAwesome
mktexpk --mfmode / --bdpi 600 --mag 2+293/600 --dpi 1493 unihei4e
mktexpk --mfmode / --bdpi 600 --mag 2+293/600 --dpi 1493 unihei4e
mktexpk --mfmode / --bdpi 600 --mag 1+0/600 --dpi 600 unisong61
mktexpk --mfmode / --bdpi 600 --mag 1+0/600 --dpi 600 unisong61
mktexpk --mfmode / --bdpi 600 --mag 1+0/600 --dpi 600 unisong61
mktexpk --mfmode / --bdpi 600 --mag 1+0/600 --dpi 600 unisong61
mktexpk --mfmode / --bdpi 600 --mag 1+0/600 --dpi 600 unisong61
mktexpk --mfmode / --bdpi 600 --mag 1+0/600 --dpi 600 unisong61
mktexpk --mfmode / --bdpi 600 --mag 2+293/600 --dpi 1493 unihei4e
mktexpk --mfmode / --bdpi 600 --mag 2+293/600 --dpi 1493 unihei4e
mktexpk --mfmode / --bdpi 600 --mag 2+293/600 --dpi 1493 unihei4e
mktexpk --mfmode / --bdpi 600 --mag 2+293/600 --dpi 1493 unihei4e
mktexpk --mfmode / --bdpi 600 --mag 2+293/600 --dpi 1493 unihei4e
mktexpk --mfmode / --bdpi 600 --mag 2+293/600 --dpi 1493 unihei4e
mktexpk --mfmode / --bdpi 600 --mag 2+293/600 --dpi 1493 unihei4e
mktexpk --mfmode / --bdpi 600 --mag 2+293/600 --dpi 1493 unihei4e
mktexpk --mfmode / --bdpi 600 --mag 2+293/600 --dpi 1493 unihei4e
mktexpk --mfmode / --bdpi 600 --mag 2+293/600 --dpi 1493 unihei4e
mktexpk --mfmode / --bdpi 600 --mag 2+293/600 --dpi 1493 unihei4e
mktexpk --mfmode / --bdpi 600 --mag 2+293/600 --dpi 1493 unihei4e
mktexpk --mfmode / --bdpi 600 --mag 2+293/600 --dpi 1493 unihei4e
mktexpk --mfmode / --bdpi 600 --mag 2+293/600 --dpi 1493 unihei4e
